-------------------------------------------------------------------------------
Test set: com.weatherhub.WeatherHub.integration.IntegrationTestController.SearchControllerIntegrationTest
-------------------------------------------------------------------------------
Tests run: 3, Failures: 1, Errors: 0, Skipped: 0, Time elapsed: 0.226 s <<< FAILURE! -- in com.weatherhub.WeatherHub.integration.IntegrationTestController.SearchControllerIntegrationTest
com.weatherhub.WeatherHub.integration.IntegrationTestController.SearchControllerIntegrationTest.testGetWeather -- Time elapsed: 0.004 s <<< FAILURE!
java.lang.AssertionError: No value at JSON path "$[0].yourProperty"
	at org.springframework.test.util.JsonPathExpectationsHelper.evaluateJsonPath(JsonPathExpectationsHelper.java:302)
	at org.springframework.test.util.JsonPathExpectationsHelper.assertValue(JsonPathExpectationsHelper.java:99)
	at org.springframework.test.web.servlet.result.JsonPathResultMatchers.lambda$value$2(JsonPathResultMatchers.java:111)
	at org.springframework.test.web.servlet.MockMvc$1.andExpect(MockMvc.java:214)
	at com.weatherhub.WeatherHub.integration.IntegrationTestController.SearchControllerIntegrationTest.testGetWeather(SearchControllerIntegrationTest.java:49)
	at java.base/java.lang.reflect.Method.invoke(Method.java:580)
	at java.base/java.util.ArrayList.forEach(ArrayList.java:1596)
	at java.base/java.util.ArrayList.forEach(ArrayList.java:1596)
Caused by: com.jayway.jsonpath.PathNotFoundException: No results for path: $[0]['yourProperty']

