<?xml version="1.0" encoding="UTF-8"?>
<testsuite xmlns:xsi="http://www.w3.org/2001/XMLSchema-instance" xsi:noNamespaceSchemaLocation="https://maven.apache.org/surefire/maven-surefire-plugin/xsd/surefire-test-report-3.0.xsd" version="3.0" name="com.weatherhub.WeatherHub.WeatherHubApplicationTests" time="0.005" tests="1" errors="0" skipped="0" failures="0">
  <properties>
[...]
</properties>
  <testcase name="contextLoads" classname="com.weatherhub.WeatherHub.WeatherHubApplicationTests" time="0.001">
    <system-out><![CDATA[2024-01-19T08:07:08.960+03:00  INFO 27106 --- [           main] t.c.s.AnnotationConfigContextLoaderUtils : Could not detect default configuration classes for test class [com.weatherhub.WeatherHub.WeatherHubApplicationTests]: WeatherHubApplicationTests does not declare any static, non-private, non-final, nested classes annotated with @Configuration.
2024-01-19T08:07:08.962+03:00  INFO 27106 --- [           main] .b.t.c.SpringBootTestContextBootstrapper : Found @SpringBootConfiguration com.weatherhub.WeatherHub.WeatherHubApplication for test class com.weatherhub.WeatherHub.WeatherHubApplicationTests
]]></system-out>
  </testcase>
</testsuite>